<?xml version="1.0" encoding="UTF-8"?>
<!-- Generated by org.testng.reporters.JUnitXMLReporter -->
<testsuite hostname="LAPTOP-974HK0FK" ignored="0" name="Test" tests="2" failures="2" timestamp="08 Apr 2020 16:00:02 GMT" time="106.229" errors="0">
  <testcase name="TotalValidation" time="60.291" classname="Hospital.HealthManagement.EcommerceTest3">
    <failure type="java.lang.NoSuchMethodError" message="org.testng.Assert.assertEquals(DD)V">
      <![CDATA[java.lang.NoSuchMethodError: org.testng.Assert.assertEquals(DD)V
at Hospital.HealthManagement.EcommerceTest3.TotalValidation(EcommerceTest3.java:86)
... Removed 25 stack frames]]>
    </failure>
  </testcase> <!-- TotalValidation -->
  <testcase name="TotalValidation" time="44.254" classname="Hospital.HealthManagement.EcommerceTest3">
    <failure type="java.lang.NoSuchMethodError" message="org.testng.Assert.assertEquals(DD)V">
      <![CDATA[java.lang.NoSuchMethodError: org.testng.Assert.assertEquals(DD)V
at Hospital.HealthManagement.EcommerceTest3.TotalValidation(EcommerceTest3.java:86)
... Removed 25 stack frames]]>
    </failure>
  </testcase> <!-- TotalValidation -->
</testsuite> <!-- Test -->
