<?xml version="1.0" encoding="UTF-8"?>
<testng-results skipped="0" failed="0" ignored="0" total="2" passed="2">
  <reporter-output>
  </reporter-output>
  <suite name="Suite" duration-ms="127458" started-at="2020-04-09T16:19:48 CEST" finished-at="2020-04-09T16:21:56 CEST">
    <groups>
    </groups>
    <test name="Test" duration-ms="127458" started-at="2020-04-09T16:19:48 CEST" finished-at="2020-04-09T16:21:56 CEST">
      <class name="Hospital.HealthManagement.EcommerceTest3">
        <test-method status="PASS" signature="TotalValidation(java.lang.String)[pri:0, instance:Hospital.HealthManagement.EcommerceTest3@7d0587f1]" name="TotalValidation" duration-ms="73062" started-at="2020-04-09T16:19:48 CEST" data-provider="inputdata" finished-at="2020-04-09T16:21:01 CEST">
          <params>
            <param index="0">
              <value>
                <![CDATA[Komal]]>
              </value>
            </param>
          </params>
          <reporter-output>
          </reporter-output>
        </test-method> <!-- TotalValidation -->
        <test-method status="PASS" signature="TotalValidation(java.lang.String)[pri:0, instance:Hospital.HealthManagement.EcommerceTest3@7d0587f1]" name="TotalValidation" duration-ms="54322" started-at="2020-04-09T16:21:01 CEST" data-provider="inputdata" finished-at="2020-04-09T16:21:56 CEST">
          <params>
            <param index="0">
              <value>
                <![CDATA[1234@#$]]>
              </value>
            </param>
          </params>
          <reporter-output>
          </reporter-output>
        </test-method> <!-- TotalValidation -->
      </class> <!-- Hospital.HealthManagement.EcommerceTest3 -->
    </test> <!-- Test -->
  </suite> <!-- Suite -->
</testng-results>
